{
  "stats": {
    "suites": 1,
    "tests": 1,
    "passes": 1,
    "pending": 0,
    "failures": 0,
    "start": "2021-11-05T12:06:36.091Z",
    "end": "2021-11-05T12:06:39.081Z",
    "duration": 2990,
    "testsRegistered": 1,
    "passPercent": 100,
    "pendingPercent": 0,
    "other": 0,
    "hasOther": false,
    "skipped": 0,
    "hasSkipped": false
  },
  "results": [
    {
      "uuid": "8a642217-529a-4e01-b11d-df81a41f7182",
      "title": "",
      "fullFile": "cypress/integration/Basic/TC_01_Basic.spec.js",
      "file": "cypress/integration/Basic/TC_01_Basic.spec.js",
      "beforeHooks": [],
      "afterHooks": [],
      "tests": [],
      "suites": [
        {
          "uuid": "761867af-fc5a-4b06-99ef-8c29a9a9caac",
          "title": "Out first testcase",
          "fullFile": "",
          "file": "",
          "beforeHooks": [],
          "afterHooks": [],
          "tests": [
            {
              "title": "Test with normal",
              "fullTitle": "Out first testcase Test with normal",
              "timedOut": null,
              "duration": 2976,
              "state": "passed",
              "speed": "fast",
              "pass": true,
              "fail": false,
              "pending": false,
              "context": null,
              "code": "cy.xpath(\"//a[normalize-space()='Sign in']\").click();\ncy.xpath(\"//input[@placeholder='Email']\").type(\"test1ne@gmail.com\");\ncy.xpath(\"//input[@placeholder='Password']\").type(\"123123\");\ncy.get(\"form\").find(\"button\").click();",
              "err": {},
              "uuid": "58b185bc-36a7-48b6-809d-ddac527a6602",
              "parentUUID": "761867af-fc5a-4b06-99ef-8c29a9a9caac",
              "isHook": false,
              "skipped": false
            }
          ],
          "suites": [],
          "passes": [
            "58b185bc-36a7-48b6-809d-ddac527a6602"
          ],
          "failures": [],
          "pending": [],
          "skipped": [],
          "duration": 2976,
          "root": false,
          "rootEmpty": false,
          "_timeout": 2000
        }
      ],
      "passes": [],
      "failures": [],
      "pending": [],
      "skipped": [],
      "duration": 0,
      "root": true,
      "rootEmpty": true,
      "_timeout": 2000
    }
  ],
  "meta": {
    "mocha": {
      "version": "7.0.1"
    },
    "mochawesome": {
      "options": {
        "quiet": false,
        "reportFilename": "mochawesome",
        "saveHtml": false,
        "saveJson": true,
        "consoleReporter": "spec",
        "useInlineDiffs": false,
        "code": true
      },
      "version": "6.3.1"
    },
    "marge": {
      "options": {
        "reporterEnabled": "mochawesome",
        "mochawesomeReporterOptions": {
          "reportDir": "cypress/reports/mochawesome",
          "chart": true,
          "embededScreenshot": false,
          "reportPageTitle": "Test demo cypress"
        },
        "overwrite": false,
        "html": false,
        "json": true,
        "reportDir": "cypress\\reports\\html\\.jsons"
      },
      "version": "5.2.0"
    }
  }
}